make.exe all --print-data-base --no-builtin-variables --no-builtin-rules --question
make: *** No rule to make target 'all'.  Stop.

# GNU Make 4.3
# Built for Windows32
# Copyright (C) 1988-2020 Free Software Foundation, Inc.
# License GPLv3+: GNU GPL version 3 or later <http://gnu.org/licenses/gpl.html>
# This is free software: you are free to change and redistribute it.
# There is NO WARRANTY, to the extent permitted by law.

# Make data base, printed on Tue Jul 12 07:56:34 2022

# Variables

# environment
CUDA_PATH_V11_5 = C:\Program Files\NVIDIA GPU Computing Toolkit\CUDA\v11.5
# environment
SYSTEMDRIVE = C:
# environment
LC_ALL = C
# environment
USERPROFILE = C:\Users\liana
# environment
VBOX_MSI_INSTALL_PATH = C:\Program Files\Oracle\VirtualBox\
# environment
STARSHIP_SESSION_KEY = 1523825744107861
# environment
TMPDIR = C:\Users\liana\AppData\Local\Temp
# environment
LOCALAPPDATA = C:\Users\liana\AppData\Local
# environment
WSLENV = WT_SESSION::WT_PROFILE_ID
# environment
MSMPI_LIB64 = C:\Program Files (x86)\Microsoft SDKs\MPI\Lib\x64\
# environment
VSCODE_CWD = C:\Users\liana\Documents\Projects\speech-recognition
# environment
MINGW_PREFIX = C:/Program Files/Git/mingw64
# environment
CHOCOLATEYINSTALL = C:\ProgramData\chocolatey
# environment
SYSTEMROOT = C:\WINDOWS
# environment
NVCUDASAMPLES11_5_ROOT = C:\ProgramData\NVIDIA Corporation\CUDA Samples\v11.5
# environment
PROCESSOR_LEVEL = 6
# environment
PSMODULEPATH = C:\Program Files\WindowsPowerShell\Modules;C:\WINDOWS\system32\WindowsPowerShell\v1.0\Modules
# default
MAKE_COMMAND := C:/ProgramData/chocolatey/lib/make/tools/install/bin/make.exe
# automatic
@D = $(patsubst %/,%,$(patsubst %\,%,$(dir $@)))
# environment
ACLOCAL_PATH = C:\Program Files\Git\mingw64\share\aclocal;C:\Program Files\Git\usr\share\aclocal
# environment
CHROME_CRASHPAD_PIPE_NAME = \\.\pipe\crashpad_17732_MPLXWEPLCRPIIITU
# environment
ORIGINAL_TEMP = C:/Users/liana/AppData/Local/Temp
# environment
VSCODE_HANDLES_UNCAUGHT_ERRORS = true
# default
.VARIABLES := 
# environment
PWD = C:/Users/liana/Documents/Projects/speech-recognition
# automatic
%D = $(patsubst %/,%,$(patsubst %\,%,$(dir $%)))
# environment
HOSTNAME = Liana-ASUS
# environment
OLDPWD = C:/Users/liana
# automatic
^D = $(patsubst %/,%,$(patsubst %\,%,$(dir $^)))
# automatic
%F = $(notdir $%)
# environment
VSCODE_CODE_CACHE_PATH = C:\Users\liana\AppData\Roaming\Code\CachedData\92d25e35d9bf1a6b16f7d0758f25d48ace11e5b9
# environment
SSH_ASKPASS = C:/Program Files/Git/mingw64/libexec/git-core/git-gui--askpass
# environment
LANG = C
# default
.LOADED := 
# environment
TMP = C:\Users\liana\AppData\Local\Temp
# default
.INCLUDE_DIRS = .
# environment
PROCESSOR_ARCHITEW6432 = AMD64
# makefile
MAKEFLAGS = pqrR
# environment
PKG_CONFIG_PATH = C:\Program Files\Git\mingw64\lib\pkgconfig;C:\Program Files\Git\mingw64\share\pkgconfig
# environment
ONEDRIVE = C:\Users\liana\OneDrive
# makefile
CURDIR := c:/Users/liana/Documents/Projects/speech-recognition
# environment
MSYSTEM_CARCH = x86_64
# environment
APPLICATION_INSIGHTS_NO_DIAGNOSTIC_CHANNEL = 1
# automatic
*D = $(patsubst %/,%,$(patsubst %\,%,$(dir $*)))
# environment
PROGRAMFILES = C:\Program Files (x86)
# environment
MFLAGS = -pqrR
# default
.SHELLFLAGS := -c
# environment
COMMONPROGRAMW6432 = C:\Program Files\Common Files
# automatic
+D = $(patsubst %/,%,$(patsubst %\,%,$(dir $+)))
# makefile
MAKEFILE_LIST := 
# automatic
@F = $(notdir $@)
# environment
VSCODE_PID = 17732
# environment
CUDA_PATH = C:\Program Files\NVIDIA GPU Computing Toolkit\CUDA\v11.5
# automatic
?D = $(patsubst %/,%,$(patsubst %\,%,$(dir $?)))
# environment
MSMPI_BIN = C:\Program Files\Microsoft MPI\Bin\
# environment
MINGW_CHOST = x86_64-w64-mingw32
# environment
WT_PROFILE_ID = {14ad203f-52cc-4110-90d6-d96e0f41b64d}
# automatic
*F = $(notdir $*)
# environment
MANPATH = C:\Program Files\Git\mingw64\local\man;C:\Program Files\Git\mingw64\share\man;C:\Program Files\Git\usr\local\man;C:\Program Files\Git\usr\share\man;C:\Program Files\Git\usr\man;C:\Program Files\Git\share\man
# automatic
<D = $(patsubst %/,%,$(patsubst %\,%,$(dir $<)))
# environment
VSCODE_NLS_CONFIG = {"locale":"en-us","availableLanguages":{},"_languagePackSupport":true}
# default
MAKE_HOST := Windows32
# environment
PROGRAMDATA = C:\ProgramData
# environment
INFOPATH = C:\Program Files\Git\usr\local\info;C:\Program Files\Git\usr\share\info;C:\Program Files\Git\usr\info;C:\Program Files\Git\share\info
# makefile
SHELL = C:/Program Files/Git/usr/bin/sh.exe
# environment
ORIGINAL_PATH = C:\Program Files\Git\mingw64\bin;C:\Program Files\Git\usr\bin;C:\Users\liana\bin;C:\Program Files (x86)\Razer Chroma SDK\bin;C:\Program Files\Razer Chroma SDK\bin;C:\Program Files (x86)\Razer\ChromaBroadcast\bin;C:\Program Files\Razer\ChromaBroadcast\bin;C:\Program Files\NVIDIA GPU Computing Toolkit\CUDA\v11.5\bin;C:\Program Files\NVIDIA GPU Computing Toolkit\CUDA\v11.5\libnvvp;C:\Program Files\Microsoft MPI\Bin;C:\Program Files\Eclipse Adoptium\jdk-11.0.14.9-hotspot\bin;C:\Users\liana\AppData\Local\Programs\Python\Python38\Scripts;C:\Users\liana\AppData\Local\Programs\Python\Python38;C:\Program Files (x86)\Common Files\Oracle\Java\javapath;C:\Windows\system32;C:\Windows;C:\Windows\System32\Wbem;C:\Windows\System32\WindowsPowerShell\v1.0;C:\Windows\System32\OpenSSH;C:\Program Files (x86)\NVIDIA Corporation\PhysX\Common;C:\Program Files\NVIDIA Corporation\NVIDIA NvDLISR;C:\Program Files\Git LFS;C:\Program Files\Microsoft SQL Server\130\Tools\Binn;C:\Program Files\Microsoft SQL Server\Client SDK\ODBC\170\Tools\Binn;C:\Users\liana\AppData\Roaming\nvm;C:\Program Files\nodejs;C:\Program Files (x86)\Calibre2;C:\Program Files\NVIDIA Corporation\Nsight Compute 2021.3.1;C:\Program Files\Docker\Docker\resources\bin;C:\ProgramData\DockerDesktop\version-bin;C:\WINDOWS\system32;C:\WINDOWS;C:\WINDOWS\System32\Wbem;C:\WINDOWS\System32\WindowsPowerShell\v1.0;C:\WINDOWS\System32\OpenSSH;C:\Program Files\dotnet;C:\ProgramData\chocolatey\bin;C:\Program Files\LLVM\bin;C:\Users\Marcus\AppData\Local\Microsoft\WindowsApps;C:\WINDOWS\system32\config\systemprofile\AppData\Local\Microsoft\WindowsApps;C:\Program Files\PuTTY;C:\Users\liana\scoop\shims;C:\Users\liana\AppData\Local\Microsoft\WindowsApps;C:\Users\liana\AppData\Local\Programs\Microsoft VS Code\bin;C:\Users\liana\.dotnet\tools;C:\texlive\2021\bin\win32;C:\Users\liana\AppData\Local\Microsoft\WindowsApps;C:\Users\liana\.dotnet\tools;C:\Program Files\Graphviz\bin;C:\msys64\mingw64\bin;C:\msys64\usr\bin;C:\Program Files (x86)\sqlite;C:\Program Files\CMake\bin;C:\Program Files (x86)\Microsoft Visual Studio\2019\Community\VC\Tools\MSVC\14.29.30133\bin\Hostx64\x64;C:\Users\liana\Documents\flutter\bin;C:\Users\liana\AppData\Local\Android\Sdk\cmdline-tools\latest\bin;C:\FFmpeg\bin;C:\Program Files (x86)\WinSCP
# environment
HOMEPATH = \Users\liana
# default
MAKECMDGOALS := all
# environment
SHLVL = 2
# environment
DRIVERDATA = C:\Windows\System32\Drivers\DriverData
# environment
COMSPEC = C:\WINDOWS\system32\cmd.exe
# environment
WINDIR = C:\WINDOWS
# environment
MAKELEVEL := 0
# default
MAKE = $(MAKE_COMMAND)
# environment
PATH = C;UserslianaDocumentsflutterbin;C;Users\liana\Documents\flutter\bin\cache\dark-sdk\bin;C;C:\Program Files\Git\Users\liana\Documents\flutter\bin;C:\Users\liana\bin;C:\Program Files\Git\mingw64\bin;C:\Program Files\Git\usr\local\bin;C:\Program Files\Git\usr\bin;C:\Program Files\Git\usr\bin;C:\Program Files\Git\mingw64\bin;C:\Program Files\Git\usr\bin;C:\Users\liana\bin;C:\Program Files (x86)\Razer Chroma SDK\bin;C:\Program Files\Razer Chroma SDK\bin;C:\Program Files (x86)\Razer\ChromaBroadcast\bin;C:\Program Files\Razer\ChromaBroadcast\bin;C:\Program Files\NVIDIA GPU Computing Toolkit\CUDA\v11.5\bin;C:\Program Files\NVIDIA GPU Computing Toolkit\CUDA\v11.5\libnvvp;C:\Program Files\Microsoft MPI\Bin;C:\Program Files\Eclipse Adoptium\jdk-11.0.14.9-hotspot\bin;C:\Users\liana\AppData\Local\Programs\Python\Python38\Scripts;C:\Users\liana\AppData\Local\Programs\Python\Python38;C:\Program Files (x86)\Common Files\Oracle\Java\javapath;C:\Windows\system32;C:\Windows;C:\Windows\System32\Wbem;C:\Windows\System32\WindowsPowerShell\v1.0;C:\Windows\System32\OpenSSH;C:\Program Files (x86)\NVIDIA Corporation\PhysX\Common;C:\Program Files\NVIDIA Corporation\NVIDIA NvDLISR;C:\Program Files\Git LFS;C:\Program Files\Microsoft SQL Server\130\Tools\Binn;C:\Program Files\Microsoft SQL Server\Client SDK\ODBC\170\Tools\Binn;C:\Users\liana\AppData\Roaming\nvm;C:\Program Files\nodejs;C:\Program Files (x86)\Calibre2;C:\Program Files\NVIDIA Corporation\Nsight Compute 2021.3.1;C:\Program Files\Docker\Docker\resources\bin;C:\ProgramData\DockerDesktop\version-bin;C:\WINDOWS\system32;C:\WINDOWS;C:\WINDOWS\System32\Wbem;C:\WINDOWS\System32\WindowsPowerShell\v1.0;C:\WINDOWS\System32\OpenSSH;C:\Program Files\dotnet;C:\ProgramData\chocolatey\bin;C:\Program Files\LLVM\bin;C:\Users\Marcus\AppData\Local\Microsoft\WindowsApps;C:\WINDOWS\system32\config\systemprofile\AppData\Local\Microsoft\WindowsApps;C:\Program Files\PuTTY;C:\Users\liana\scoop\shims;C:\Users\liana\AppData\Local\Microsoft\WindowsApps;C:\Users\liana\AppData\Local\Programs\Microsoft VS Code\bin;C:\Users\liana\.dotnet\tools;C:\texlive\2021\bin\win32;C:\Users\liana\AppData\Local\Microsoft\WindowsApps;C:\Users\liana\.dotnet\tools;C:\Program Files\Graphviz\bin;C:\msys64\mingw64\bin;C:\msys64\usr\bin;C:\Program Files (x86)\sqlite;C:\Program Files\CMake\bin;C:\Program Files (x86)\Microsoft Visual Studio\2019\Community\VC\Tools\MSVC\14.29.30133\bin\Hostx64\x64;C:\Users\liana\Documents\flutter\bin;C:\Users\liana\AppData\Local\Android\Sdk\cmdline-tools\latest\bin;C:\FFmpeg\bin;C:\Program Files (x86)\WinSCP;C:\Program Files\Git\usr\bin\vendor_perl;C:\Program Files\Git\usr\bin\core_perl
# environment
ZES_ENABLE_SYSMAN = 1
# environment
COMPUTERNAME = LIANA-ASUS
# default
MAKEFILES := 
# automatic
^F = $(notdir $^)
# environment
MINGW_PACKAGE_PREFIX = mingw-w64-x86_64
# environment
PROMPT = $P$G
# environment
CHOCOLATEYLASTPATHUPDATE = 132904858857876891
# environment
NVTOOLSEXT_PATH = C:\Program Files\NVIDIA Corporation\NvToolsExt\
# environment
WT_SESSION = d624c2e9-5fc1-41e2-9b77-239750de2b4c
# environment
LOGONSERVER = \\LIANA-ASUS
# environment
USERNAME = liana
# environment
COMMONPROGRAMFILES = C:\Program Files (x86)\Common Files
# automatic
?F = $(notdir $?)
# environment
PROGRAMW6432 = C:\Program Files
# environment
MSMPI_LIB32 = C:\Program Files (x86)\Microsoft SDKs\MPI\Lib\x86\
# environment
MSYSTEM_CHOST = x86_64-w64-mingw32
# environment
PATHEXT = .COM;.EXE;.BAT;.CMD;.VBS;.VBE;.JS;.JSE;.WSF;.WSH;.MSC
# automatic
+F = $(notdir $+)
# environment
CONFIG_SITE = C:/Program Files/Git/etc/config.site
# environment
ORIGINAL_XDG_CURRENT_DESKTOP = undefined
# environment
USERDOMAIN = LIANA-ASUS
# 'override' directive
GNUMAKEFLAGS := 
# environment
GIT_LFS_PATH = C:\Program Files\Git LFS
# environment
OS = Windows_NT
# environment
MSMPI_BENCHMARKS = C:\Program Files\Microsoft MPI\Benchmarks\
# environment
MSYSTEM_PREFIX = C:/Program Files/Git/mingw64
# makefile
.DEFAULT_GOAL := 
# environment
NVM_HOME = C:\Users\liana\AppData\Roaming\nvm
# environment
DISPLAY = needs-to-be-defined
# default
MAKE_VERSION := 4.3
# environment
PROGRAMFILES(X86) = C:\Program Files (x86)
# environment
NVCUDASAMPLES_ROOT = C:\ProgramData\NVIDIA Corporation\CUDA Samples\v11.5
# environment
USERDOMAIN_ROAMINGPROFILE = LIANA-ASUS
# environment
NUMBER_OF_PROCESSORS = 8
# environment
STARSHIP_SHELL = bash
# environment
PUBLIC = C:\Users\Public
# environment
_ = C:/Users/liana/AppData/Local/Programs/Microsoft VS Code/Code.exe
# environment
APPDATA = C:\Users\liana\AppData\Roaming
# environment
HOMEDRIVE = C:
# environment
NVM_SYMLINK = C:\Program Files\nodejs
# environment
PROCESSOR_ARCHITECTURE = x86
# environment
VSCODE_AMD_ENTRYPOINT = vs/workbench/api/node/extensionHostProcess
# environment
MSYSTEM = MINGW64
# environment
HOME = C:\Users\liana
# environment
COMMONPROGRAMFILES(X86) = C:\Program Files (x86)\Common Files
# environment
MSMPI_INC = C:\Program Files (x86)\Microsoft SDKs\MPI\Include\
# environment
EXEPATH = C:\Program Files\Git\bin
# environment
ELECTRON_RUN_AS_NODE = 1
# environment
TEMP = C:\Users\liana\AppData\Local\Temp
# environment
TERM = xterm-256color
# environment
VSCODE_IPC_HOOK = \\.\pipe\512f402abf10f230b90c58cec1eb1aa5-1.69.0-main-sock
# default
.RECIPEPREFIX := 
# environment
ORIGINAL_TMP = C:/Users/liana/AppData/Local/Temp
# automatic
<F = $(notdir $<)
# environment
PLINK_PROTOCOL = ssh
# default
SUFFIXES := 
# environment
ALLUSERSPROFILE = C:\ProgramData
# environment
VSCODE_CLI = 1
# environment
ELECTRON_NO_ATTACH_CONSOLE = 1
# default
.FEATURES := target-specific order-only second-expansion else-if shortest-stem undefine oneshell nocomment grouped-target extra-prereqs archives jobserver output-sync load
# environment
PROCESSOR_REVISION = 8c01
# environment
PROCESSOR_IDENTIFIER = Intel64 Family 6 Model 140 Stepping 1, GenuineIntel
# variable set hash-table stats:
# Load=137/1024=13%, Rehash=0, Collisions=13/161=8%

# Pattern-specific Variable Values

# No pattern-specific variable values.

# Directories

# . (key c:/Users/liana/Documents/Projects/speech-recognition, mtime 1657247696): 6 files, no impossibilities.

# 6 files, no impossibilities in 1 directories.

# Implicit Rules

# No implicit rules.

# Files

# Not a target:
Makefile:
#  Implicit rule search has been done.
#  File does not exist.
#  File has been updated.
#  Failed to be updated.

# Not a target:
.DEFAULT:
#  Implicit rule search has not been done.
#  Modification time never checked.
#  File has not been updated.

# Not a target:
all:
#  Command line target.
#  Implicit rule search has been done.
#  File does not exist.
#  File has not been updated.

# Not a target:
makefile:
#  Implicit rule search has been done.
#  File does not exist.
#  File has been updated.
#  Failed to be updated.

# Not a target:
makefile.mak:
#  Implicit rule search has been done.
#  File does not exist.
#  File has been updated.
#  Failed to be updated.

# Not a target:
GNUmakefile:
#  Implicit rule search has been done.
#  File does not exist.
#  File has been updated.
#  Failed to be updated.

# files hash-table stats:
# Load=7/1024=1%, Rehash=0, Collisions=0/16=0%
# VPATH Search Paths

# No 'vpath' search paths.

# No general ('VPATH' variable) search path.

# strcache buffers: 1 (0) / strings = 13 / storage = 117 B / avg = 9 B
# current buf: size = 8174 B / used = 117 B / count = 13 / avg = 9 B

# strcache performance: lookups = 16 / hit rate = 18%
# hash-table stats:
# Load=13/8192=0%, Rehash=0, Collisions=0/16=0%
# Finished Make data base on Tue Jul 12 07:56:34 2022

 
